# JRE version: Java(TM) SE Runtime Environment 18.9 (11.0.24+7) (build 11.0.24+7-LTS-271)
# Java VM: Java HotSpot(TM) 64-Bit Server VM 18.9 (11.0.24+7-LTS-271, mixed mode, tiered, compressed oops, g1 gc, windows-amd64)
Heap:
 garbage-first heap   total 263168K, used 78073K [0x00000000c0000000, 0x0000000100000000)
  region size 1024K, 1 young (1024K), 0 survivors (0K)
 Metaspace       used 16792K, capacity 17284K, committed 17536K, reserved 1064960K
  class space    used 2194K, capacity 2380K, committed 2432K, reserved 1048576K
GC Heap History (10 events):
Event: 38211.165 GC heap before
{Heap before GC invocations=7481 (full 4782):
 garbage-first heap   total 263168K, used 78073K [0x00000000c0000000, 0x0000000100000000)
  region size 1024K, 1 young (1024K), 0 survivors (0K)
 Metaspace       used 16792K, capacity 17284K, committed 17536K, reserved 1064960K
  class space    used 2194K, capacity 2380K, committed 2432K, reserved 1048576K
}
Event: 38211.201 GC heap after
{Heap after GC invocations=7482 (full 4783):
 garbage-first heap   total 263168K, used 78073K [0x00000000c0000000, 0x0000000100000000)
  region size 1024K, 0 young (0K), 0 survivors (0K)
 Metaspace       used 16792K, capacity 17284K, committed 17536K, reserved 1064960K
  class space    used 2194K, capacity 2380K, committed 2432K, reserved 1048576K
}
Event: 38221.940 GC heap before
{Heap before GC invocations=7482 (full 4783):
 garbage-first heap   total 263168K, used 78073K [0x00000000c0000000, 0x0000000100000000)
  region size 1024K, 1 young (1024K), 0 survivors (0K)
 Metaspace       used 16792K, capacity 17284K, committed 17536K, reserved 1064960K
  class space    used 2194K, capacity 2380K, committed 2432K, reserved 1048576K
}
Event: 38221.976 GC heap after
{Heap after GC invocations=7483 (full 4784):
 garbage-first heap   total 263168K, used 78073K [0x00000000c0000000, 0x0000000100000000)
  region size 1024K, 0 young (0K), 0 survivors (0K)
 Metaspace       used 16792K, capacity 17284K, committed 17536K, reserved 1064960K
  class space    used 2194K, capacity 2380K, committed 2432K, reserved 1048576K
}
Event: 38232.850 GC heap before
{Heap before GC invocations=7483 (full 4784):
 garbage-first heap   total 263168K, used 78073K [0x00000000c0000000, 0x0000000100000000)
  region size 1024K, 1 young (1024K), 0 survivors (0K)
 Metaspace       used 16792K, capacity 17284K, committed 17536K, reserved 1064960K
  class space    used 2194K, capacity 2380K, committed 2432K, reserved 1048576K
}
Event: 38232.886 GC heap after
{Heap after GC invocations=7484 (full 4785):
 garbage-first heap   total 263168K, used 78073K [0x00000000c0000000, 0x0000000100000000)
  region size 1024K, 0 young (0K), 0 survivors (0K)
 Metaspace       used 16792K, capacity 17284K, committed 17536K, reserved 1064960K
  class space    used 2194K, capacity 2380K, committed 2432K, reserved 1048576K
}
Event: 38244.991 GC heap before
{Heap before GC invocations=7484 (full 4785):
 garbage-first heap   total 263168K, used 78073K [0x00000000c0000000, 0x0000000100000000)
  region size 1024K, 1 young (1024K), 0 survivors (0K)
 Metaspace       used 16792K, capacity 17284K, committed 17536K, reserved 1064960K
  class space    used 2194K, capacity 2380K, committed 2432K, reserved 1048576K
}
Event: 38245.027 GC heap after
{Heap after GC invocations=7485 (full 4786):
 garbage-first heap   total 263168K, used 78073K [0x00000000c0000000, 0x0000000100000000)
  region size 1024K, 0 young (0K), 0 survivors (0K)
 Metaspace       used 16792K, capacity 17284K, committed 17536K, reserved 1064960K
  class space    used 2194K, capacity 2380K, committed 2432K, reserved 1048576K
}
Event: 38255.738 GC heap before
{Heap before GC invocations=7485 (full 4786):
 garbage-first heap   total 263168K, used 78073K [0x00000000c0000000, 0x0000000100000000)
  region size 1024K, 1 young (1024K), 0 survivors (0K)
 Metaspace       used 16792K, capacity 17284K, committed 17536K, reserved 1064960K
  class space    used 2194K, capacity 2380K, committed 2432K, reserved 1048576K
}
Event: 38255.774 GC heap after
{Heap after GC invocations=7486 (full 4787):
 garbage-first heap   total 263168K, used 78073K [0x00000000c0000000, 0x0000000100000000)
  region size 1024K, 0 young (0K), 0 survivors (0K)
 Metaspace       used 16792K, capacity 17284K, committed 17536K, reserved 1064960K
  class space    used 2194K, capacity 2380K, committed 2432K, reserved 1048576K
}

